<?xml version="1.0" encoding="UTF-8"?>
<!-- Generated by org.testng.reporters.JUnitReportReporter -->
<testsuite hostname="LAPTOP-CPSNE1MN" failures="0" tests="2" name="qaclickacademy.AppiumTest" time="0.014" errors="0" timestamp="2021-11-23T11:48:12 IST" skipped="0">
  <testcase classname="qaclickacademy.AppiumTest" name="NativeAppAndroid" time="0.002"/>
  <system-out/>
  <testcase classname="qaclickacademy.AppiumTest" name="IOSApps" time="0.012"/>
  <system-out/>
</testsuite> <!-- qaclickacademy.AppiumTest -->
