<?xml version="1.0" encoding="UTF-8"?>
<!-- Generated by org.testng.reporters.JUnitReportReporter -->
<testsuite skipped="0" hostname="LAPTOP-CPSNE1MN" name="qaclickacademy.AppiumTest" tests="2" failures="0" timestamp="07 Nov 2021 07:13:01 GMT" time="0.009" errors="0">
  <testcase name="NativeAppAndroid" time="0.001" classname="qaclickacademy.AppiumTest"/>
  <testcase name="IOSApps" time="0.008" classname="qaclickacademy.AppiumTest"/>
</testsuite> <!-- qaclickacademy.AppiumTest -->
