<?xml version="1.0" encoding="UTF-8"?>
<!-- Generated by org.testng.reporters.JUnitReportReporter -->
<testsuite skipped="0" hostname="LAPTOP-CPSNE1MN" name="qaclickacademy.SeleniumTest" tests="2" failures="0" timestamp="07 Nov 2021 07:13:01 GMT" time="0.000" errors="0">
  <testcase name="BrowserAutomtion" time="0.000" classname="qaclickacademy.SeleniumTest"/>
  <testcase name="elementsUI" time="0.000" classname="qaclickacademy.SeleniumTest"/>
</testsuite> <!-- qaclickacademy.SeleniumTest -->
